Linked: (/home/omer/Workspaces/franka_ws/devel/.private/franka_example_controllers/share/franka_example_controllers/docs/compliance_paramConfig.dox, /home/omer/Workspaces/franka_ws/devel/share/franka_example_controllers/docs/compliance_paramConfig.dox)
Linked: (/home/omer/Workspaces/franka_ws/devel/.private/franka_example_controllers/share/franka_example_controllers/docs/compliance_paramConfig.wikidoc, /home/omer/Workspaces/franka_ws/devel/share/franka_example_controllers/docs/compliance_paramConfig.wikidoc)
Linked: (/home/omer/Workspaces/franka_ws/devel/.private/franka_example_controllers/share/franka_example_controllers/docs/compliance_paramConfig-usage.dox, /home/omer/Workspaces/franka_ws/devel/share/franka_example_controllers/docs/compliance_paramConfig-usage.dox)
Linked: (/home/omer/Workspaces/franka_ws/devel/.private/franka_example_controllers/share/franka_example_controllers/docs/desired_mass_paramConfig.wikidoc, /home/omer/Workspaces/franka_ws/devel/share/franka_example_controllers/docs/desired_mass_paramConfig.wikidoc)
Linked: (/home/omer/Workspaces/franka_ws/devel/.private/franka_example_controllers/share/franka_example_controllers/docs/teleop_paramConfig.dox, /home/omer/Workspaces/franka_ws/devel/share/franka_example_controllers/docs/teleop_paramConfig.dox)
Linked: (/home/omer/Workspaces/franka_ws/devel/.private/franka_example_controllers/share/franka_example_controllers/docs/desired_mass_paramConfig.dox, /home/omer/Workspaces/franka_ws/devel/share/franka_example_controllers/docs/desired_mass_paramConfig.dox)
Linked: (/home/omer/Workspaces/franka_ws/devel/.private/franka_example_controllers/share/franka_example_controllers/docs/teleop_gripper_paramConfig.wikidoc, /home/omer/Workspaces/franka_ws/devel/share/franka_example_controllers/docs/teleop_gripper_paramConfig.wikidoc)
Linked: (/home/omer/Workspaces/franka_ws/devel/.private/franka_example_controllers/share/franka_example_controllers/docs/teleop_gripper_paramConfig.dox, /home/omer/Workspaces/franka_ws/devel/share/franka_example_controllers/docs/teleop_gripper_paramConfig.dox)
Linked: (/home/omer/Workspaces/franka_ws/devel/.private/franka_example_controllers/share/franka_example_controllers/docs/teleop_paramConfig.wikidoc, /home/omer/Workspaces/franka_ws/devel/share/franka_example_controllers/docs/teleop_paramConfig.wikidoc)
Linked: (/home/omer/Workspaces/franka_ws/devel/.private/franka_example_controllers/share/franka_example_controllers/docs/teleop_paramConfig-usage.dox, /home/omer/Workspaces/franka_ws/devel/share/franka_example_controllers/docs/teleop_paramConfig-usage.dox)
Linked: (/home/omer/Workspaces/franka_ws/devel/.private/franka_example_controllers/share/franka_example_controllers/docs/dual_arm_compliance_paramConfig.wikidoc, /home/omer/Workspaces/franka_ws/devel/share/franka_example_controllers/docs/dual_arm_compliance_paramConfig.wikidoc)
Linked: (/home/omer/Workspaces/franka_ws/devel/.private/franka_example_controllers/share/franka_example_controllers/docs/teleop_gripper_paramConfig-usage.dox, /home/omer/Workspaces/franka_ws/devel/share/franka_example_controllers/docs/teleop_gripper_paramConfig-usage.dox)
Linked: (/home/omer/Workspaces/franka_ws/devel/.private/franka_example_controllers/share/franka_example_controllers/docs/desired_mass_paramConfig-usage.dox, /home/omer/Workspaces/franka_ws/devel/share/franka_example_controllers/docs/desired_mass_paramConfig-usage.dox)
Linked: (/home/omer/Workspaces/franka_ws/devel/.private/franka_example_controllers/share/franka_example_controllers/docs/dual_arm_compliance_paramConfig.dox, /home/omer/Workspaces/franka_ws/devel/share/franka_example_controllers/docs/dual_arm_compliance_paramConfig.dox)
Linked: (/home/omer/Workspaces/franka_ws/devel/.private/franka_example_controllers/share/franka_example_controllers/docs/dual_arm_compliance_paramConfig-usage.dox, /home/omer/Workspaces/franka_ws/devel/share/franka_example_controllers/docs/dual_arm_compliance_paramConfig-usage.dox)
Linked: (/home/omer/Workspaces/franka_ws/devel/.private/franka_example_controllers/share/franka_example_controllers/cmake/franka_example_controllers-msg-extras.cmake, /home/omer/Workspaces/franka_ws/devel/share/franka_example_controllers/cmake/franka_example_controllers-msg-extras.cmake)
Linked: (/home/omer/Workspaces/franka_ws/devel/.private/franka_example_controllers/share/franka_example_controllers/cmake/franka_example_controllersConfig-version.cmake, /home/omer/Workspaces/franka_ws/devel/share/franka_example_controllers/cmake/franka_example_controllersConfig-version.cmake)
Linked: (/home/omer/Workspaces/franka_ws/devel/.private/franka_example_controllers/share/franka_example_controllers/cmake/franka_example_controllersConfig.cmake, /home/omer/Workspaces/franka_ws/devel/share/franka_example_controllers/cmake/franka_example_controllersConfig.cmake)
Linked: (/home/omer/Workspaces/franka_ws/devel/.private/franka_example_controllers/share/franka_example_controllers/cmake/franka_example_controllers-msg-paths.cmake, /home/omer/Workspaces/franka_ws/devel/share/franka_example_controllers/cmake/franka_example_controllers-msg-paths.cmake)
Linked: (/home/omer/Workspaces/franka_ws/devel/.private/franka_example_controllers/share/gennodejs/ros/franka_example_controllers/_index.js, /home/omer/Workspaces/franka_ws/devel/share/gennodejs/ros/franka_example_controllers/_index.js)
Linked: (/home/omer/Workspaces/franka_ws/devel/.private/franka_example_controllers/share/gennodejs/ros/franka_example_controllers/msg/_index.js, /home/omer/Workspaces/franka_ws/devel/share/gennodejs/ros/franka_example_controllers/msg/_index.js)
Linked: (/home/omer/Workspaces/franka_ws/devel/.private/franka_example_controllers/share/gennodejs/ros/franka_example_controllers/msg/JointTorqueComparison.js, /home/omer/Workspaces/franka_ws/devel/share/gennodejs/ros/franka_example_controllers/msg/JointTorqueComparison.js)
Linked: (/home/omer/Workspaces/franka_ws/devel/.private/franka_example_controllers/share/roseus/ros/franka_example_controllers/manifest.l, /home/omer/Workspaces/franka_ws/devel/share/roseus/ros/franka_example_controllers/manifest.l)
Linked: (/home/omer/Workspaces/franka_ws/devel/.private/franka_example_controllers/share/roseus/ros/franka_example_controllers/msg/JointTorqueComparison.l, /home/omer/Workspaces/franka_ws/devel/share/roseus/ros/franka_example_controllers/msg/JointTorqueComparison.l)
Linked: (/home/omer/Workspaces/franka_ws/devel/.private/franka_example_controllers/share/common-lisp/ros/franka_example_controllers/msg/franka_example_controllers-msg.asd, /home/omer/Workspaces/franka_ws/devel/share/common-lisp/ros/franka_example_controllers/msg/franka_example_controllers-msg.asd)
Linked: (/home/omer/Workspaces/franka_ws/devel/.private/franka_example_controllers/share/common-lisp/ros/franka_example_controllers/msg/JointTorqueComparison.lisp, /home/omer/Workspaces/franka_ws/devel/share/common-lisp/ros/franka_example_controllers/msg/JointTorqueComparison.lisp)
Linked: (/home/omer/Workspaces/franka_ws/devel/.private/franka_example_controllers/share/common-lisp/ros/franka_example_controllers/msg/_package.lisp, /home/omer/Workspaces/franka_ws/devel/share/common-lisp/ros/franka_example_controllers/msg/_package.lisp)
Linked: (/home/omer/Workspaces/franka_ws/devel/.private/franka_example_controllers/share/common-lisp/ros/franka_example_controllers/msg/_package_JointTorqueComparison.lisp, /home/omer/Workspaces/franka_ws/devel/share/common-lisp/ros/franka_example_controllers/msg/_package_JointTorqueComparison.lisp)
Linked: (/home/omer/Workspaces/franka_ws/devel/.private/franka_example_controllers/lib/libfranka_example_controllers.so, /home/omer/Workspaces/franka_ws/devel/lib/libfranka_example_controllers.so)
Linked: (/home/omer/Workspaces/franka_ws/devel/.private/franka_example_controllers/lib/franka_example_controllers/cmake.lock, /home/omer/Workspaces/franka_ws/devel/lib/franka_example_controllers/cmake.lock)
Linked: (/home/omer/Workspaces/franka_ws/devel/.private/franka_example_controllers/lib/franka_example_controllers/interactive_marker.py, /home/omer/Workspaces/franka_ws/devel/lib/franka_example_controllers/interactive_marker.py)
Linked: (/home/omer/Workspaces/franka_ws/devel/.private/franka_example_controllers/lib/franka_example_controllers/move_to_start.py, /home/omer/Workspaces/franka_ws/devel/lib/franka_example_controllers/move_to_start.py)
Linked: (/home/omer/Workspaces/franka_ws/devel/.private/franka_example_controllers/lib/franka_example_controllers/teleop_gripper_node, /home/omer/Workspaces/franka_ws/devel/lib/franka_example_controllers/teleop_gripper_node)
Linked: (/home/omer/Workspaces/franka_ws/devel/.private/franka_example_controllers/lib/franka_example_controllers/dual_arm_interactive_marker.py, /home/omer/Workspaces/franka_ws/devel/lib/franka_example_controllers/dual_arm_interactive_marker.py)
Linked: (/home/omer/Workspaces/franka_ws/devel/.private/franka_example_controllers/lib/python3/dist-packages/franka_example_controllers/__init__.py, /home/omer/Workspaces/franka_ws/devel/lib/python3/dist-packages/franka_example_controllers/__init__.py)
Linked: (/home/omer/Workspaces/franka_ws/devel/.private/franka_example_controllers/lib/python3/dist-packages/franka_example_controllers/msg/_JointTorqueComparison.py, /home/omer/Workspaces/franka_ws/devel/lib/python3/dist-packages/franka_example_controllers/msg/_JointTorqueComparison.py)
Linked: (/home/omer/Workspaces/franka_ws/devel/.private/franka_example_controllers/lib/python3/dist-packages/franka_example_controllers/msg/__init__.py, /home/omer/Workspaces/franka_ws/devel/lib/python3/dist-packages/franka_example_controllers/msg/__init__.py)
Linked: (/home/omer/Workspaces/franka_ws/devel/.private/franka_example_controllers/lib/python3/dist-packages/franka_example_controllers/cfg/__init__.py, /home/omer/Workspaces/franka_ws/devel/lib/python3/dist-packages/franka_example_controllers/cfg/__init__.py)
Linked: (/home/omer/Workspaces/franka_ws/devel/.private/franka_example_controllers/lib/python3/dist-packages/franka_example_controllers/cfg/dual_arm_compliance_paramConfig.py, /home/omer/Workspaces/franka_ws/devel/lib/python3/dist-packages/franka_example_controllers/cfg/dual_arm_compliance_paramConfig.py)
Linked: (/home/omer/Workspaces/franka_ws/devel/.private/franka_example_controllers/lib/python3/dist-packages/franka_example_controllers/cfg/desired_mass_paramConfig.py, /home/omer/Workspaces/franka_ws/devel/lib/python3/dist-packages/franka_example_controllers/cfg/desired_mass_paramConfig.py)
Linked: (/home/omer/Workspaces/franka_ws/devel/.private/franka_example_controllers/lib/python3/dist-packages/franka_example_controllers/cfg/teleop_paramConfig.py, /home/omer/Workspaces/franka_ws/devel/lib/python3/dist-packages/franka_example_controllers/cfg/teleop_paramConfig.py)
Linked: (/home/omer/Workspaces/franka_ws/devel/.private/franka_example_controllers/lib/python3/dist-packages/franka_example_controllers/cfg/compliance_paramConfig.py, /home/omer/Workspaces/franka_ws/devel/lib/python3/dist-packages/franka_example_controllers/cfg/compliance_paramConfig.py)
Linked: (/home/omer/Workspaces/franka_ws/devel/.private/franka_example_controllers/lib/python3/dist-packages/franka_example_controllers/cfg/teleop_gripper_paramConfig.py, /home/omer/Workspaces/franka_ws/devel/lib/python3/dist-packages/franka_example_controllers/cfg/teleop_gripper_paramConfig.py)
Linked: (/home/omer/Workspaces/franka_ws/devel/.private/franka_example_controllers/lib/pkgconfig/franka_example_controllers.pc, /home/omer/Workspaces/franka_ws/devel/lib/pkgconfig/franka_example_controllers.pc)
Linked: (/home/omer/Workspaces/franka_ws/devel/.private/franka_example_controllers/include/franka_example_controllers/teleop_gripper_paramConfig.h, /home/omer/Workspaces/franka_ws/devel/include/franka_example_controllers/teleop_gripper_paramConfig.h)
Linked: (/home/omer/Workspaces/franka_ws/devel/.private/franka_example_controllers/include/franka_example_controllers/desired_mass_paramConfig.h, /home/omer/Workspaces/franka_ws/devel/include/franka_example_controllers/desired_mass_paramConfig.h)
Linked: (/home/omer/Workspaces/franka_ws/devel/.private/franka_example_controllers/include/franka_example_controllers/teleop_paramConfig.h, /home/omer/Workspaces/franka_ws/devel/include/franka_example_controllers/teleop_paramConfig.h)
Linked: (/home/omer/Workspaces/franka_ws/devel/.private/franka_example_controllers/include/franka_example_controllers/compliance_paramConfig.h, /home/omer/Workspaces/franka_ws/devel/include/franka_example_controllers/compliance_paramConfig.h)
Linked: (/home/omer/Workspaces/franka_ws/devel/.private/franka_example_controllers/include/franka_example_controllers/dual_arm_compliance_paramConfig.h, /home/omer/Workspaces/franka_ws/devel/include/franka_example_controllers/dual_arm_compliance_paramConfig.h)
Linked: (/home/omer/Workspaces/franka_ws/devel/.private/franka_example_controllers/include/franka_example_controllers/JointTorqueComparison.h, /home/omer/Workspaces/franka_ws/devel/include/franka_example_controllers/JointTorqueComparison.h)
