[35m[1mScanning dependencies of target _robot_control_generate_messages_check_deps_WristCoordinates[0m
[  0%] Built target _robot_control_generate_messages_check_deps_WristCoordinates
[35m[1mScanning dependencies of target sensor_msgs_generate_messages_eus[0m
[  0%] Built target sensor_msgs_generate_messages_eus
[35m[1mScanning dependencies of target _robot_control_generate_messages_check_deps_Vector3[0m
[  0%] Built target _robot_control_generate_messages_check_deps_Vector3
[35m[1mScanning dependencies of target std_msgs_generate_messages_eus[0m
[  0%] Built target std_msgs_generate_messages_eus
[35m[1mScanning dependencies of target _robot_control_generate_messages_check_deps_GuiCmd[0m
[  0%] Built target _robot_control_generate_messages_check_deps_GuiCmd
[35m[1mScanning dependencies of target _robot_control_generate_messages_check_deps_BotState[0m
[  0%] Built target _robot_control_generate_messages_check_deps_BotState
[35m[1mScanning dependencies of target sensor_msgs_generate_messages_py[0m
[  0%] Built target sensor_msgs_generate_messages_py
[35m[1mScanning dependencies of target std_msgs_generate_messages_py[0m
[  0%] Built target std_msgs_generate_messages_py
[35m[1mScanning dependencies of target sensor_msgs_generate_messages_lisp[0m
[  0%] Built target sensor_msgs_generate_messages_lisp
[35m[1mScanning dependencies of target std_msgs_generate_messages_lisp[0m
[  0%] Built target std_msgs_generate_messages_lisp
[35m[1mScanning dependencies of target std_msgs_generate_messages_cpp[0m
[  0%] Built target std_msgs_generate_messages_cpp
[35m[1mScanning dependencies of target sensor_msgs_generate_messages_cpp[0m
[  0%] Built target sensor_msgs_generate_messages_cpp
[35m[1mScanning dependencies of target sensor_msgs_generate_messages_nodejs[0m
[  0%] Built target sensor_msgs_generate_messages_nodejs
[35m[1mScanning dependencies of target std_msgs_generate_messages_nodejs[0m
[  0%] Built target std_msgs_generate_messages_nodejs
[35m[1mScanning dependencies of target robot_control_generate_messages_eus[0m
[  4%] [34m[1mGenerating EusLisp code from robot_control/BotState.msg[0m
[  9%] [34m[1mGenerating EusLisp code from robot_control/GuiCmd.msg[0m
[ 13%] [34m[1mGenerating EusLisp code from robot_control/Vector3.msg[0m
[ 18%] [34m[1mGenerating EusLisp code from robot_control/WristCoordinates.msg[0m
[ 22%] [34m[1mGenerating EusLisp manifest code for robot_control[0m
[35m[1mScanning dependencies of target robot_control_generate_messages_py[0m
[ 27%] [34m[1mGenerating Python from MSG robot_control/BotState[0m
[ 31%] [34m[1mGenerating Python from MSG robot_control/Vector3[0m
[ 36%] [34m[1mGenerating Python from MSG robot_control/GuiCmd[0m
[ 40%] [34m[1mGenerating Python from MSG robot_control/WristCoordinates[0m
[ 45%] [34m[1mGenerating Python msg __init__.py for robot_control[0m
[ 45%] Built target robot_control_generate_messages_py
[ 45%] Built target robot_control_generate_messages_eus
[35m[1mScanning dependencies of target robot_control_generate_messages_lisp[0m
[ 50%] [34m[1mGenerating Lisp code from robot_control/BotState.msg[0m
[ 54%] [34m[1mGenerating Lisp code from robot_control/GuiCmd.msg[0m
[ 59%] [34m[1mGenerating Lisp code from robot_control/Vector3.msg[0m
[ 63%] [34m[1mGenerating Lisp code from robot_control/WristCoordinates.msg[0m
[ 63%] Built target robot_control_generate_messages_lisp
[35m[1mScanning dependencies of target robot_control_generate_messages_cpp[0m
[ 68%] [34m[1mGenerating C++ code from robot_control/BotState.msg[0m
[ 72%] [34m[1mGenerating C++ code from robot_control/GuiCmd.msg[0m
[ 77%] [34m[1mGenerating C++ code from robot_control/Vector3.msg[0m
[ 81%] [34m[1mGenerating C++ code from robot_control/WristCoordinates.msg[0m
[ 81%] Built target robot_control_generate_messages_cpp
[35m[1mScanning dependencies of target robot_control_generate_messages_nodejs[0m
[ 86%] [34m[1mGenerating Javascript code from robot_control/BotState.msg[0m
[ 90%] [34m[1mGenerating Javascript code from robot_control/GuiCmd.msg[0m
[ 95%] [34m[1mGenerating Javascript code from robot_control/Vector3.msg[0m
[100%] [34m[1mGenerating Javascript code from robot_control/WristCoordinates.msg[0m
[100%] Built target robot_control_generate_messages_nodejs
[35m[1mScanning dependencies of target robot_control_generate_messages[0m
[100%] Built target robot_control_generate_messages
