[  0%] Built target sensor_msgs_generate_messages_eus
[  0%] Built target std_msgs_generate_messages_eus
[  0%] Built target _robot_control_generate_messages_check_deps_WristCoordinates
[  0%] Built target _robot_control_generate_messages_check_deps_Vector3
[  0%] Built target _robot_control_generate_messages_check_deps_BotState
[  0%] Built target _robot_control_generate_messages_check_deps_GuiCmd
[  0%] Built target sensor_msgs_generate_messages_py
[  0%] Built target std_msgs_generate_messages_py
[  0%] Built target sensor_msgs_generate_messages_lisp
[  0%] Built target std_msgs_generate_messages_lisp
[  0%] Built target std_msgs_generate_messages_cpp
[  0%] Built target sensor_msgs_generate_messages_cpp
[  0%] Built target sensor_msgs_generate_messages_nodejs
[  0%] Built target std_msgs_generate_messages_nodejs
[ 22%] Built target robot_control_generate_messages_eus
[ 45%] Built target robot_control_generate_messages_py
[ 63%] Built target robot_control_generate_messages_lisp
[ 81%] Built target robot_control_generate_messages_cpp
[100%] Built target robot_control_generate_messages_nodejs
[100%] Built target robot_control_generate_messages
