Symlinking /home/omer/Workspaces/franka_ws/devel/share/gennodejs/ros/robot_control/_index.js
Symlinking /home/omer/Workspaces/franka_ws/devel/share/gennodejs/ros/robot_control/msg/Vector3.js
Symlinking /home/omer/Workspaces/franka_ws/devel/share/gennodejs/ros/robot_control/msg/GuiCmd.js
Symlinking /home/omer/Workspaces/franka_ws/devel/share/gennodejs/ros/robot_control/msg/WristCoordinates.js
Symlinking /home/omer/Workspaces/franka_ws/devel/share/gennodejs/ros/robot_control/msg/_index.js
Symlinking /home/omer/Workspaces/franka_ws/devel/share/gennodejs/ros/robot_control/msg/BotState.js
Symlinking /home/omer/Workspaces/franka_ws/devel/share/robot_control/cmake/robot_control-msg-extras.cmake
Symlinking /home/omer/Workspaces/franka_ws/devel/share/robot_control/cmake/robot_control-msg-paths.cmake
Symlinking /home/omer/Workspaces/franka_ws/devel/share/robot_control/cmake/robot_controlConfig.cmake
Symlinking /home/omer/Workspaces/franka_ws/devel/share/robot_control/cmake/robot_controlConfig-version.cmake
Symlinking /home/omer/Workspaces/franka_ws/devel/share/roseus/ros/robot_control/manifest.l
Symlinking /home/omer/Workspaces/franka_ws/devel/share/roseus/ros/robot_control/msg/BotState.l
Symlinking /home/omer/Workspaces/franka_ws/devel/share/roseus/ros/robot_control/msg/GuiCmd.l
Symlinking /home/omer/Workspaces/franka_ws/devel/share/roseus/ros/robot_control/msg/Vector3.l
Symlinking /home/omer/Workspaces/franka_ws/devel/share/roseus/ros/robot_control/msg/WristCoordinates.l
Symlinking /home/omer/Workspaces/franka_ws/devel/share/common-lisp/ros/robot_control/msg/_package_BotState.lisp
Symlinking /home/omer/Workspaces/franka_ws/devel/share/common-lisp/ros/robot_control/msg/BotState.lisp
Symlinking /home/omer/Workspaces/franka_ws/devel/share/common-lisp/ros/robot_control/msg/Vector3.lisp
Symlinking /home/omer/Workspaces/franka_ws/devel/share/common-lisp/ros/robot_control/msg/_package_WristCoordinates.lisp
Symlinking /home/omer/Workspaces/franka_ws/devel/share/common-lisp/ros/robot_control/msg/_package.lisp
Symlinking /home/omer/Workspaces/franka_ws/devel/share/common-lisp/ros/robot_control/msg/_package_Vector3.lisp
Symlinking /home/omer/Workspaces/franka_ws/devel/share/common-lisp/ros/robot_control/msg/robot_control-msg.asd
Symlinking /home/omer/Workspaces/franka_ws/devel/share/common-lisp/ros/robot_control/msg/GuiCmd.lisp
Symlinking /home/omer/Workspaces/franka_ws/devel/share/common-lisp/ros/robot_control/msg/WristCoordinates.lisp
Symlinking /home/omer/Workspaces/franka_ws/devel/share/common-lisp/ros/robot_control/msg/_package_GuiCmd.lisp
Symlinking /home/omer/Workspaces/franka_ws/devel/lib/python3/dist-packages/robot_control/__init__.py
Symlinking /home/omer/Workspaces/franka_ws/devel/lib/python3/dist-packages/robot_control/msg/_GuiCmd.py
Symlinking /home/omer/Workspaces/franka_ws/devel/lib/python3/dist-packages/robot_control/msg/_WristCoordinates.py
Symlinking /home/omer/Workspaces/franka_ws/devel/lib/python3/dist-packages/robot_control/msg/__init__.py
Symlinking /home/omer/Workspaces/franka_ws/devel/lib/python3/dist-packages/robot_control/msg/_Vector3.py
Symlinking /home/omer/Workspaces/franka_ws/devel/lib/python3/dist-packages/robot_control/msg/_BotState.py
Symlinking /home/omer/Workspaces/franka_ws/devel/lib/pkgconfig/robot_control.pc
Symlinking /home/omer/Workspaces/franka_ws/devel/include/robot_control/WristCoordinates.h
Symlinking /home/omer/Workspaces/franka_ws/devel/include/robot_control/Vector3.h
Symlinking /home/omer/Workspaces/franka_ws/devel/include/robot_control/BotState.h
Symlinking /home/omer/Workspaces/franka_ws/devel/include/robot_control/GuiCmd.h
