Linked: (/home/omer/Workspaces/franka_ws/devel/.private/robot_control/share/gennodejs/ros/robot_control/_index.js, /home/omer/Workspaces/franka_ws/devel/share/gennodejs/ros/robot_control/_index.js)
Linked: (/home/omer/Workspaces/franka_ws/devel/.private/robot_control/share/gennodejs/ros/robot_control/msg/Vector3.js, /home/omer/Workspaces/franka_ws/devel/share/gennodejs/ros/robot_control/msg/Vector3.js)
Linked: (/home/omer/Workspaces/franka_ws/devel/.private/robot_control/share/gennodejs/ros/robot_control/msg/GuiCmd.js, /home/omer/Workspaces/franka_ws/devel/share/gennodejs/ros/robot_control/msg/GuiCmd.js)
Linked: (/home/omer/Workspaces/franka_ws/devel/.private/robot_control/share/gennodejs/ros/robot_control/msg/WristCoordinates.js, /home/omer/Workspaces/franka_ws/devel/share/gennodejs/ros/robot_control/msg/WristCoordinates.js)
Linked: (/home/omer/Workspaces/franka_ws/devel/.private/robot_control/share/gennodejs/ros/robot_control/msg/_index.js, /home/omer/Workspaces/franka_ws/devel/share/gennodejs/ros/robot_control/msg/_index.js)
Linked: (/home/omer/Workspaces/franka_ws/devel/.private/robot_control/share/gennodejs/ros/robot_control/msg/BotState.js, /home/omer/Workspaces/franka_ws/devel/share/gennodejs/ros/robot_control/msg/BotState.js)
Linked: (/home/omer/Workspaces/franka_ws/devel/.private/robot_control/share/robot_control/cmake/robot_control-msg-extras.cmake, /home/omer/Workspaces/franka_ws/devel/share/robot_control/cmake/robot_control-msg-extras.cmake)
Linked: (/home/omer/Workspaces/franka_ws/devel/.private/robot_control/share/robot_control/cmake/robot_control-msg-paths.cmake, /home/omer/Workspaces/franka_ws/devel/share/robot_control/cmake/robot_control-msg-paths.cmake)
Linked: (/home/omer/Workspaces/franka_ws/devel/.private/robot_control/share/robot_control/cmake/robot_controlConfig.cmake, /home/omer/Workspaces/franka_ws/devel/share/robot_control/cmake/robot_controlConfig.cmake)
Linked: (/home/omer/Workspaces/franka_ws/devel/.private/robot_control/share/robot_control/cmake/robot_controlConfig-version.cmake, /home/omer/Workspaces/franka_ws/devel/share/robot_control/cmake/robot_controlConfig-version.cmake)
Linked: (/home/omer/Workspaces/franka_ws/devel/.private/robot_control/share/roseus/ros/robot_control/manifest.l, /home/omer/Workspaces/franka_ws/devel/share/roseus/ros/robot_control/manifest.l)
Linked: (/home/omer/Workspaces/franka_ws/devel/.private/robot_control/share/roseus/ros/robot_control/msg/BotState.l, /home/omer/Workspaces/franka_ws/devel/share/roseus/ros/robot_control/msg/BotState.l)
Linked: (/home/omer/Workspaces/franka_ws/devel/.private/robot_control/share/roseus/ros/robot_control/msg/GuiCmd.l, /home/omer/Workspaces/franka_ws/devel/share/roseus/ros/robot_control/msg/GuiCmd.l)
Linked: (/home/omer/Workspaces/franka_ws/devel/.private/robot_control/share/roseus/ros/robot_control/msg/Vector3.l, /home/omer/Workspaces/franka_ws/devel/share/roseus/ros/robot_control/msg/Vector3.l)
Linked: (/home/omer/Workspaces/franka_ws/devel/.private/robot_control/share/roseus/ros/robot_control/msg/WristCoordinates.l, /home/omer/Workspaces/franka_ws/devel/share/roseus/ros/robot_control/msg/WristCoordinates.l)
Linked: (/home/omer/Workspaces/franka_ws/devel/.private/robot_control/share/common-lisp/ros/robot_control/msg/_package_BotState.lisp, /home/omer/Workspaces/franka_ws/devel/share/common-lisp/ros/robot_control/msg/_package_BotState.lisp)
Linked: (/home/omer/Workspaces/franka_ws/devel/.private/robot_control/share/common-lisp/ros/robot_control/msg/BotState.lisp, /home/omer/Workspaces/franka_ws/devel/share/common-lisp/ros/robot_control/msg/BotState.lisp)
Linked: (/home/omer/Workspaces/franka_ws/devel/.private/robot_control/share/common-lisp/ros/robot_control/msg/Vector3.lisp, /home/omer/Workspaces/franka_ws/devel/share/common-lisp/ros/robot_control/msg/Vector3.lisp)
Linked: (/home/omer/Workspaces/franka_ws/devel/.private/robot_control/share/common-lisp/ros/robot_control/msg/_package_WristCoordinates.lisp, /home/omer/Workspaces/franka_ws/devel/share/common-lisp/ros/robot_control/msg/_package_WristCoordinates.lisp)
Linked: (/home/omer/Workspaces/franka_ws/devel/.private/robot_control/share/common-lisp/ros/robot_control/msg/_package.lisp, /home/omer/Workspaces/franka_ws/devel/share/common-lisp/ros/robot_control/msg/_package.lisp)
Linked: (/home/omer/Workspaces/franka_ws/devel/.private/robot_control/share/common-lisp/ros/robot_control/msg/_package_Vector3.lisp, /home/omer/Workspaces/franka_ws/devel/share/common-lisp/ros/robot_control/msg/_package_Vector3.lisp)
Linked: (/home/omer/Workspaces/franka_ws/devel/.private/robot_control/share/common-lisp/ros/robot_control/msg/robot_control-msg.asd, /home/omer/Workspaces/franka_ws/devel/share/common-lisp/ros/robot_control/msg/robot_control-msg.asd)
Linked: (/home/omer/Workspaces/franka_ws/devel/.private/robot_control/share/common-lisp/ros/robot_control/msg/GuiCmd.lisp, /home/omer/Workspaces/franka_ws/devel/share/common-lisp/ros/robot_control/msg/GuiCmd.lisp)
Linked: (/home/omer/Workspaces/franka_ws/devel/.private/robot_control/share/common-lisp/ros/robot_control/msg/WristCoordinates.lisp, /home/omer/Workspaces/franka_ws/devel/share/common-lisp/ros/robot_control/msg/WristCoordinates.lisp)
Linked: (/home/omer/Workspaces/franka_ws/devel/.private/robot_control/share/common-lisp/ros/robot_control/msg/_package_GuiCmd.lisp, /home/omer/Workspaces/franka_ws/devel/share/common-lisp/ros/robot_control/msg/_package_GuiCmd.lisp)
Linked: (/home/omer/Workspaces/franka_ws/devel/.private/robot_control/lib/python3/dist-packages/robot_control/__init__.py, /home/omer/Workspaces/franka_ws/devel/lib/python3/dist-packages/robot_control/__init__.py)
Linked: (/home/omer/Workspaces/franka_ws/devel/.private/robot_control/lib/python3/dist-packages/robot_control/msg/_GuiCmd.py, /home/omer/Workspaces/franka_ws/devel/lib/python3/dist-packages/robot_control/msg/_GuiCmd.py)
Linked: (/home/omer/Workspaces/franka_ws/devel/.private/robot_control/lib/python3/dist-packages/robot_control/msg/_WristCoordinates.py, /home/omer/Workspaces/franka_ws/devel/lib/python3/dist-packages/robot_control/msg/_WristCoordinates.py)
Linked: (/home/omer/Workspaces/franka_ws/devel/.private/robot_control/lib/python3/dist-packages/robot_control/msg/__init__.py, /home/omer/Workspaces/franka_ws/devel/lib/python3/dist-packages/robot_control/msg/__init__.py)
Linked: (/home/omer/Workspaces/franka_ws/devel/.private/robot_control/lib/python3/dist-packages/robot_control/msg/_Vector3.py, /home/omer/Workspaces/franka_ws/devel/lib/python3/dist-packages/robot_control/msg/_Vector3.py)
Linked: (/home/omer/Workspaces/franka_ws/devel/.private/robot_control/lib/python3/dist-packages/robot_control/msg/_BotState.py, /home/omer/Workspaces/franka_ws/devel/lib/python3/dist-packages/robot_control/msg/_BotState.py)
Linked: (/home/omer/Workspaces/franka_ws/devel/.private/robot_control/lib/pkgconfig/robot_control.pc, /home/omer/Workspaces/franka_ws/devel/lib/pkgconfig/robot_control.pc)
Linked: (/home/omer/Workspaces/franka_ws/devel/.private/robot_control/include/robot_control/WristCoordinates.h, /home/omer/Workspaces/franka_ws/devel/include/robot_control/WristCoordinates.h)
Linked: (/home/omer/Workspaces/franka_ws/devel/.private/robot_control/include/robot_control/Vector3.h, /home/omer/Workspaces/franka_ws/devel/include/robot_control/Vector3.h)
Linked: (/home/omer/Workspaces/franka_ws/devel/.private/robot_control/include/robot_control/BotState.h, /home/omer/Workspaces/franka_ws/devel/include/robot_control/BotState.h)
Linked: (/home/omer/Workspaces/franka_ws/devel/.private/robot_control/include/robot_control/GuiCmd.h, /home/omer/Workspaces/franka_ws/devel/include/robot_control/GuiCmd.h)
